<?xml version="1.0" encoding="UTF-8"?>
<!-- Generated by org.testng.reporters.JUnitReportReporter -->
<testsuite skipped="0" hostname="HJNZL001775" name="com.opencart.testcases.RegistrationPageTest" tests="2" failures="0" timestamp="2021-11-16T17:10:49 IST" time="0.202" errors="0">
  <testcase name="validateinputfields" time="0.201" classname="com.opencart.testcases.RegistrationPageTest"/>
  <system-out/>
  <testcase name="validatePageTitle" time="0.001" classname="com.opencart.testcases.RegistrationPageTest"/>
  <system-out/>
</testsuite> <!-- com.opencart.testcases.RegistrationPageTest -->
