<?xml version="1.0" encoding="UTF-8"?>
<!-- Generated by org.testng.reporters.JUnitReportReporter -->
<testsuite skipped="0" hostname="HJNZL001775" name="com.opencart.testcases.IndexPageTest" tests="7" failures="0" timestamp="2021-11-16T18:07:48 IST" time="34.905" errors="0">
  <testcase name="LogoTest" time="4.635" classname="com.opencart.testcases.IndexPageTest"/>
  <system-out/>
  <testcase name="titleTest" time="4.954" classname="com.opencart.testcases.IndexPageTest"/>
  <system-out/>
  <testcase name="currencyDropDown" time="5.265" classname="com.opencart.testcases.IndexPageTest"/>
  <system-out/>
  <testcase name="doller" time="4.987" classname="com.opencart.testcases.IndexPageTest"/>
  <system-out/>
  <testcase name="dropDownLinkValidation" time="4.839" classname="com.opencart.testcases.IndexPageTest"/>
  <system-out/>
  <testcase name="loginPageNavigation" time="5.266" classname="com.opencart.testcases.IndexPageTest"/>
  <system-out/>
  <testcase name="searchbarValidation" time="4.959" classname="com.opencart.testcases.IndexPageTest"/>
  <system-out/>
</testsuite> <!-- com.opencart.testcases.IndexPageTest -->
