<?xml version="1.0" encoding="UTF-8"?>
<!-- Generated by org.testng.reporters.JUnitReportReporter -->
<testsuite skipped="0" hostname="HJNZL001775" name="com.opencart.testcases.HomePageTest" tests="3" failures="0" timestamp="2021-11-16T18:07:48 IST" time="21.855" errors="0">
  <testcase name="searchfieldTest" time="6.837" classname="com.opencart.testcases.HomePageTest"/>
  <system-out/>
  <testcase name="addtocartvalidation" time="6.697" classname="com.opencart.testcases.HomePageTest"/>
  <system-out/>
  <testcase name="searchOpration" time="8.321" classname="com.opencart.testcases.HomePageTest"/>
  <system-out/>
</testsuite> <!-- com.opencart.testcases.HomePageTest -->
