<?xml version="1.0" encoding="UTF-8"?>
<!-- Generated by org.testng.reporters.JUnitReportReporter -->
<testsuite skipped="0" hostname="HJNZL001775" name="com.opencart.testcases.LogoutPageTest" tests="3" failures="0" timestamp="2021-11-16T18:07:48 IST" time="23.947" errors="0">
  <testcase name="titlevalidation" time="7.871" classname="com.opencart.testcases.LogoutPageTest"/>
  <system-out/>
  <testcase name="buttonvalidation" time="8.018" classname="com.opencart.testcases.LogoutPageTest"/>
  <system-out/>
  <testcase name="continuebuttonclick" time="8.058" classname="com.opencart.testcases.LogoutPageTest"/>
  <system-out/>
</testsuite> <!-- com.opencart.testcases.LogoutPageTest -->
