<?xml version="1.0" encoding="UTF-8"?>
<!-- Generated by org.testng.reporters.JUnitReportReporter -->
<testsuite skipped="0" hostname="HJNZL001775" name="com.opencart.testcases.IndexPageTest" tests="6" failures="0" timestamp="2021-11-16T08:49:44 IST" time="39.294" errors="0">
  <testcase name="LogoTest" time="4.704" classname="com.opencart.testcases.IndexPageTest"/>
  <system-out/>
  <testcase name="titleTest" time="16.147" classname="com.opencart.testcases.IndexPageTest"/>
  <system-out/>
  <testcase name="currencyDropDown" time="4.640" classname="com.opencart.testcases.IndexPageTest"/>
  <system-out/>
  <testcase name="doller" time="4.557" classname="com.opencart.testcases.IndexPageTest"/>
  <system-out/>
  <testcase name="dropDownLinkValidation" time="4.699" classname="com.opencart.testcases.IndexPageTest"/>
  <system-out/>
  <testcase name="loginPageNavigation" time="4.547" classname="com.opencart.testcases.IndexPageTest"/>
  <system-out/>
</testsuite> <!-- com.opencart.testcases.IndexPageTest -->
