<?xml version="1.0" encoding="UTF-8"?>
<!-- Generated by org.testng.reporters.JUnitReportReporter -->
<testsuite skipped="0" hostname="HJNZL001775" name="com.opencart.testcases.HomePageTest" tests="3" failures="0" timestamp="2021-11-16T17:10:49 IST" time="31.487" errors="0">
  <testcase name="searchfieldTest" time="9.150" classname="com.opencart.testcases.HomePageTest"/>
  <system-out/>
  <testcase name="addtocartvalidation" time="9.769" classname="com.opencart.testcases.HomePageTest"/>
  <system-out/>
  <testcase name="searchOpration" time="12.568" classname="com.opencart.testcases.HomePageTest"/>
  <system-out/>
</testsuite> <!-- com.opencart.testcases.HomePageTest -->
