<?xml version="1.0" encoding="UTF-8"?>
<!-- Generated by org.testng.reporters.JUnitReportReporter -->
<testsuite skipped="0" hostname="HJNZL001775" name="com.opencart.testcases.ForgotPasswordTest" tests="4" failures="0" timestamp="2021-11-16T18:07:48 IST" time="23.130" errors="0">
  <testcase name="validateTitle" time="5.845" classname="com.opencart.testcases.ForgotPasswordTest"/>
  <system-out/>
  <testcase name="validateInputBox" time="5.815" classname="com.opencart.testcases.ForgotPasswordTest"/>
  <system-out/>
  <testcase name="validateSubmitButton" time="5.412" classname="com.opencart.testcases.ForgotPasswordTest"/>
  <system-out/>
  <testcase name="validateBackButtonOpration" time="6.058" classname="com.opencart.testcases.ForgotPasswordTest"/>
  <system-out/>
</testsuite> <!-- com.opencart.testcases.ForgotPasswordTest -->
