<?xml version="1.0" encoding="UTF-8"?>
<!-- Generated by org.testng.reporters.JUnitReportReporter -->
<testsuite skipped="0" hostname="HJNZL001775" name="com.opencart.testcases.IndexPageTest" tests="6" failures="0" timestamp="2021-11-16T11:40:21 IST" time="34.591" errors="0">
  <testcase name="LogoTest" time="4.569" classname="com.opencart.testcases.IndexPageTest"/>
  <system-out/>
  <testcase name="titleTest" time="4.648" classname="com.opencart.testcases.IndexPageTest"/>
  <system-out/>
  <testcase name="currencyDropDown" time="4.480" classname="com.opencart.testcases.IndexPageTest"/>
  <system-out/>
  <testcase name="doller" time="4.449" classname="com.opencart.testcases.IndexPageTest"/>
  <system-out/>
  <testcase name="dropDownLinkValidation" time="9.594" classname="com.opencart.testcases.IndexPageTest"/>
  <system-out/>
  <testcase name="loginPageNavigation" time="6.851" classname="com.opencart.testcases.IndexPageTest"/>
  <system-out/>
</testsuite> <!-- com.opencart.testcases.IndexPageTest -->
