<?xml version="1.0" encoding="UTF-8"?>
<!-- Generated by org.testng.reporters.JUnitReportReporter -->
<testsuite skipped="0" hostname="HJNZL001775" name="com.opencart.testcases.LoginPageTest" tests="1" failures="0" timestamp="2021-11-16T11:40:21 IST" time="9.783" errors="0">
  <testcase name="loginTest" time="9.783" classname="com.opencart.testcases.LoginPageTest"/>
  <system-out/>
</testsuite> <!-- com.opencart.testcases.LoginPageTest -->
