<?xml version="1.0" encoding="UTF-8"?>
<!-- Generated by org.testng.reporters.JUnitReportReporter -->
<testsuite skipped="0" hostname="HJNZL001775" name="com.opencart.testcases.AddToCartTest" tests="3" failures="0" timestamp="2021-11-16T18:07:48 IST" time="23.682" errors="0">
  <testcase name="CartPageTitle" time="7.728" classname="com.opencart.testcases.AddToCartTest"/>
  <system-out/>
  <testcase name="continuebutton" time="7.911" classname="com.opencart.testcases.AddToCartTest"/>
  <system-out/>
  <testcase name="productInCart" time="8.043" classname="com.opencart.testcases.AddToCartTest"/>
  <system-out/>
</testsuite> <!-- com.opencart.testcases.AddToCartTest -->
