<?xml version="1.0" encoding="UTF-8"?>
<!-- Generated by org.testng.reporters.JUnitReportReporter -->
<testsuite skipped="0" hostname="HJNZL001775" name="com.opencart.testcases.ForgotPasswordTest" tests="4" failures="0" timestamp="2021-11-16T11:40:21 IST" time="22.156" errors="0">
  <testcase name="validateTitle" time="5.243" classname="com.opencart.testcases.ForgotPasswordTest"/>
  <system-out/>
  <testcase name="validateInputBox" time="5.231" classname="com.opencart.testcases.ForgotPasswordTest"/>
  <system-out/>
  <testcase name="validateSubmitButton" time="6.047" classname="com.opencart.testcases.ForgotPasswordTest"/>
  <system-out/>
  <testcase name="validateBackButtonOpration" time="5.635" classname="com.opencart.testcases.ForgotPasswordTest"/>
  <system-out/>
</testsuite> <!-- com.opencart.testcases.ForgotPasswordTest -->
