<?xml version="1.0" encoding="UTF-8"?>
<!-- Generated by org.testng.reporters.JUnitReportReporter -->
<testsuite skipped="0" hostname="HJNZL001775" name="com.opencart.testcases.HomePageTest" tests="3" failures="0" timestamp="2021-11-16T11:40:21 IST" time="21.643" errors="0">
  <testcase name="searchfieldTest" time="6.726" classname="com.opencart.testcases.HomePageTest"/>
  <system-out/>
  <testcase name="addtocartvalidation" time="6.593" classname="com.opencart.testcases.HomePageTest"/>
  <system-out/>
  <testcase name="searchOpration" time="8.324" classname="com.opencart.testcases.HomePageTest"/>
  <system-out/>
</testsuite> <!-- com.opencart.testcases.HomePageTest -->
