<?xml version="1.0" encoding="UTF-8"?>
<!-- Generated by org.testng.reporters.JUnitReportReporter -->
<testsuite skipped="0" hostname="HJNZL001775" name="com.opencart.testcases.AddToCartTest" tests="3" failures="0" timestamp="2021-11-16T17:10:49 IST" time="30.892" errors="0">
  <testcase name="CartPageTitle" time="10.103" classname="com.opencart.testcases.AddToCartTest"/>
  <system-out/>
  <testcase name="continuebutton" time="10.326" classname="com.opencart.testcases.AddToCartTest"/>
  <system-out/>
  <testcase name="productInCart" time="10.463" classname="com.opencart.testcases.AddToCartTest"/>
  <system-out/>
</testsuite> <!-- com.opencart.testcases.AddToCartTest -->
