<?xml version="1.0" encoding="UTF-8"?>
<!-- Generated by org.testng.reporters.JUnitReportReporter -->
<testsuite skipped="0" hostname="HJNZL001775" name="com.opencart.testcases.ForgotPasswordTest" tests="4" failures="0" timestamp="2021-11-16T17:10:49 IST" time="29.618" errors="0">
  <testcase name="validateTitle" time="7.012" classname="com.opencart.testcases.ForgotPasswordTest"/>
  <system-out/>
  <testcase name="validateInputBox" time="8.030" classname="com.opencart.testcases.ForgotPasswordTest"/>
  <system-out/>
  <testcase name="validateSubmitButton" time="6.757" classname="com.opencart.testcases.ForgotPasswordTest"/>
  <system-out/>
  <testcase name="validateBackButtonOpration" time="7.819" classname="com.opencart.testcases.ForgotPasswordTest"/>
  <system-out/>
</testsuite> <!-- com.opencart.testcases.ForgotPasswordTest -->
